0 info it worked if it ends with ok
1 verbose cli [ 'node', '/usr/local/bin/npm', 'install', '-g' ]
2 info using npm@3.3.0
3 info using node@v0.12.6
4 silly loadCurrentTree Starting
5 silly install loadCurrentTree
6 silly install readGlobalPackageData
7 silly fetchPackageMetaData .
8 silly fetchOtherPackageData .
9 silly cache add args [ '.', null ]
10 verbose cache add spec .
11 silly cache add parsed spec { raw: '.',
11 silly cache add   scope: null,
11 silly cache add   name: null,
11 silly cache add   rawSpec: '.',
11 silly cache add   spec: '/Users/imullan/Documents/FGL-Public-Website',
11 silly cache add   type: 'directory' }
12 error addLocal Could not install /Users/imullan/Documents/FGL-Public-Website
13 silly fetchPackageMetaData Error: No name provided in package.json
13 silly fetchPackageMetaData     at /usr/local/lib/node_modules/npm/lib/cache/add-local.js:65:17
13 silly fetchPackageMetaData     at /usr/local/lib/node_modules/npm/node_modules/read-package-json/read-json.js:345:5
13 silly fetchPackageMetaData     at checkBinReferences_ (/usr/local/lib/node_modules/npm/node_modules/read-package-json/read-json.js:309:45)
13 silly fetchPackageMetaData     at final (/usr/local/lib/node_modules/npm/node_modules/read-package-json/read-json.js:343:3)
13 silly fetchPackageMetaData     at then (/usr/local/lib/node_modules/npm/node_modules/read-package-json/read-json.js:113:5)
13 silly fetchPackageMetaData     at /usr/local/lib/node_modules/npm/node_modules/read-package-json/read-json.js:232:12
13 silly fetchPackageMetaData     at evalmachine.<anonymous>:334:14
13 silly fetchPackageMetaData     at /usr/local/lib/node_modules/npm/node_modules/read-package-json/node_modules/graceful-fs/graceful-fs.js:102:5
13 silly fetchPackageMetaData     at FSReqWrap.oncomplete (evalmachine.<anonymous>:95:15)
13 silly fetchPackageMetaData  error for . [Error: No name provided in package.json]
14 silly rollbackFailedOptional Starting
15 silly rollbackFailedOptional Finishing
16 silly runTopLevelLifecycles Starting
17 silly runTopLevelLifecycles Finishing
18 silly install printInstalled
19 verbose stack Error: No name provided in package.json
19 verbose stack     at /usr/local/lib/node_modules/npm/lib/cache/add-local.js:65:17
19 verbose stack     at /usr/local/lib/node_modules/npm/node_modules/read-package-json/read-json.js:345:5
19 verbose stack     at checkBinReferences_ (/usr/local/lib/node_modules/npm/node_modules/read-package-json/read-json.js:309:45)
19 verbose stack     at final (/usr/local/lib/node_modules/npm/node_modules/read-package-json/read-json.js:343:3)
19 verbose stack     at then (/usr/local/lib/node_modules/npm/node_modules/read-package-json/read-json.js:113:5)
19 verbose stack     at /usr/local/lib/node_modules/npm/node_modules/read-package-json/read-json.js:232:12
19 verbose stack     at evalmachine.<anonymous>:334:14
19 verbose stack     at /usr/local/lib/node_modules/npm/node_modules/read-package-json/node_modules/graceful-fs/graceful-fs.js:102:5
19 verbose stack     at FSReqWrap.oncomplete (evalmachine.<anonymous>:95:15)
20 verbose cwd /Users/imullan/Documents/FGL-Public-Website
21 error Darwin 14.5.0
22 error argv "node" "/usr/local/bin/npm" "install" "-g"
23 error node v0.12.6
24 error npm  v3.3.0
25 error No name provided in package.json
26 error If you need help, you may report this error at:
26 error     <https://github.com/npm/npm/issues>
27 verbose exit [ 1, true ]
